<?xml version="1.0" encoding="UTF-8"?>
<testng-results ignored="0" total="10" passed="8" failed="2" skipped="0">
  <reporter-output>
  </reporter-output>
  <suite started-at="2023-10-11T00:37:05 IST" name="Default suite" finished-at="2023-10-11T00:40:49 IST" duration-ms="223487">
    <groups>
    </groups>
    <test started-at="2023-10-11T00:37:05 IST" name="Default test" finished-at="2023-10-11T00:40:49 IST" duration-ms="223487">
      <class name="data_provider.GTM_Registration">
        <test-method signature="test1(java.lang.String,java.lang.String,java.lang.String,java.lang.String,java.lang.String,java.lang.String,java.lang.String)[pri:0, instance:data_provider.GTM_Registration@397fbdb]" started-at="2023-10-11T00:37:05 IST" name="test1" data-provider="logindetails" finished-at="2023-10-11T00:37:24 IST" duration-ms="18323" status="PASS">
          <params>
            <param index="0">
              <value>
                <![CDATA[Sathakdas]]>
              </value>
            </param>
            <param index="1">
              <value>
                <![CDATA[Sathak@123]]>
              </value>
            </param>
            <param index="2">
              <value>
                <![CDATA[Sathak]]>
              </value>
            </param>
            <param index="3">
              <value>
                <![CDATA[das]]>
              </value>
            </param>
            <param index="4">
              <value>
                <![CDATA[bbsr]]>
              </value>
            </param>
            <param index="5">
              <value>
                <![CDATA[Bhubaneswar]]>
              </value>
            </param>
            <param index="6">
              <value>
                <![CDATA[751024]]>
              </value>
            </param>
          </params>
          <reporter-output>
          </reporter-output>
        </test-method> <!-- test1 -->
        <test-method signature="test1(java.lang.String,java.lang.String,java.lang.String,java.lang.String,java.lang.String,java.lang.String,java.lang.String)[pri:0, instance:data_provider.GTM_Registration@397fbdb]" started-at="2023-10-11T00:37:24 IST" name="test1" data-provider="logindetails" finished-at="2023-10-11T00:37:40 IST" duration-ms="16248" status="PASS">
          <params>
            <param index="0">
              <value>
                <![CDATA[123]]>
              </value>
            </param>
            <param index="1">
              <value>
                <![CDATA[hs]]>
              </value>
            </param>
            <param index="2">
              <value>
                <![CDATA[]]>
              </value>
            </param>
            <param index="3">
              <value>
                <![CDATA[22]]>
              </value>
            </param>
            <param index="4">
              <value>
                <![CDATA[4566]]>
              </value>
            </param>
            <param index="5">
              <value>
                <![CDATA[888]]>
              </value>
            </param>
            <param index="6">
              <value>
                <![CDATA[Sathakdas]]>
              </value>
            </param>
          </params>
          <reporter-output>
          </reporter-output>
        </test-method> <!-- test1 -->
        <test-method signature="test1(java.lang.String,java.lang.String,java.lang.String,java.lang.String,java.lang.String,java.lang.String,java.lang.String)[pri:0, instance:data_provider.GTM_Registration@397fbdb]" started-at="2023-10-11T00:37:40 IST" name="test1" data-provider="logindetails" finished-at="2023-10-11T00:37:56 IST" duration-ms="15707" status="PASS">
          <params>
            <param index="0">
              <value>
                <![CDATA[]]>
              </value>
            </param>
            <param index="1">
              <value>
                <![CDATA[Sathakdas]]>
              </value>
            </param>
            <param index="2">
              <value>
                <![CDATA[@#$R]]>
              </value>
            </param>
            <param index="3">
              <value>
                <![CDATA[]]>
              </value>
            </param>
            <param index="4">
              <value>
                <![CDATA[@#$$#]]>
              </value>
            </param>
            <param index="5">
              <value>
                <![CDATA[____]]>
              </value>
            </param>
            <param index="6">
              <value>
                <![CDATA[@#GA$]]>
              </value>
            </param>
          </params>
          <reporter-output>
          </reporter-output>
        </test-method> <!-- test1 -->
        <test-method signature="test1(java.lang.String,java.lang.String,java.lang.String,java.lang.String,java.lang.String,java.lang.String,java.lang.String)[pri:0, instance:data_provider.GTM_Registration@397fbdb]" started-at="2023-10-11T00:37:56 IST" name="test1" data-provider="logindetails" finished-at="2023-10-11T00:38:13 IST" duration-ms="17374" status="PASS">
          <params>
            <param index="0">
              <value>
                <![CDATA[7875544]]>
              </value>
            </param>
            <param index="1">
              <value>
                <![CDATA[1]]>
              </value>
            </param>
            <param index="2">
              <value>
                <![CDATA[@dgg]]>
              </value>
            </param>
            <param index="3">
              <value>
                <![CDATA[@$RRR]]>
              </value>
            </param>
            <param index="4">
              <value>
                <![CDATA[25225]]>
              </value>
            </param>
            <param index="5">
              <value>
                <![CDATA[@HDBFJSKJ]]>
              </value>
            </param>
            <param index="6">
              <value>
                <![CDATA[Sathakdas1255]]>
              </value>
            </param>
          </params>
          <reporter-output>
          </reporter-output>
        </test-method> <!-- test1 -->
        <test-method signature="test1(java.lang.String,java.lang.String,java.lang.String,java.lang.String,java.lang.String,java.lang.String,java.lang.String)[pri:0, instance:data_provider.GTM_Registration@397fbdb]" started-at="2023-10-11T00:38:13 IST" name="test1" data-provider="logindetails" finished-at="2023-10-11T00:38:19 IST" duration-ms="6402" status="FAIL">
          <params>
            <param index="0">
              <value>
                <![CDATA[1223sarthak]]>
              </value>
            </param>
            <param index="1">
              <value>
                <![CDATA[1223sarthak]]>
              </value>
            </param>
            <param index="2">
              <value>
                <![CDATA[@___((*]]>
              </value>
            </param>
            <param index="3">
              <value>
                <![CDATA[*%W)]]>
              </value>
            </param>
            <param index="4">
              <value>
                <![CDATA[1234568]]>
              </value>
            </param>
            <param index="5">
              <value>
                <![CDATA[12345688]]>
              </value>
            </param>
            <param index="6">
              <value>
                <![CDATA[75102456666666666666666]]>
              </value>
            </param>
          </params>
          <exception class="org.openqa.selenium.WebDriverException">
            <message>
              <![CDATA[no such execution context
  (Session info: chrome=117.0.5938.149)
Build info: version: '4.12.1', revision: '8e34639b11'
System info: os.name: 'Windows 10', os.arch: 'amd64', os.version: '10.0', java.version: '17.0.7'
Driver info: org.openqa.selenium.chrome.ChromeDriver
Command: [a4f4a5ef70756aed1dda9288fb3b90df, maximizeCurrentWindow {}]
Capabilities {acceptInsecureCerts: false, browserName: chrome, browserVersion: 117.0.5938.149, chrome: {chromedriverVersion: 117.0.5938.149 (e3344ddefa1..., userDataDir: C:\Users\SARTHA~1\AppData\L...}, fedcm:accounts: true, goog:chromeOptions: {debuggerAddress: localhost:55253}, networkConnectionEnabled: false, pageLoadStrategy: normal, platformName: windows, proxy: Proxy(), se:cdp: ws://localhost:55253/devtoo..., se:cdpVersion: 117.0.5938.149, setWindowRect: true, strictFileInteractability: false, timeouts: {implicit: 0, pageLoad: 300000, script: 30000}, unhandledPromptBehavior: dismiss and notify, webauthn:extension:credBlob: true, webauthn:extension:largeBlob: true, webauthn:extension:minPinLength: true, webauthn:extension:prf: true, webauthn:virtualAuthenticators: true}
Session ID: a4f4a5ef70756aed1dda9288fb3b90df]]>
            </message>
            <full-stacktrace>
              <![CDATA[org.openqa.selenium.WebDriverException: no such execution context
  (Session info: chrome=117.0.5938.149)
Build info: version: '4.12.1', revision: '8e34639b11'
System info: os.name: 'Windows 10', os.arch: 'amd64', os.version: '10.0', java.version: '17.0.7'
Driver info: org.openqa.selenium.chrome.ChromeDriver
Command: [a4f4a5ef70756aed1dda9288fb3b90df, maximizeCurrentWindow {}]
Capabilities {acceptInsecureCerts: false, browserName: chrome, browserVersion: 117.0.5938.149, chrome: {chromedriverVersion: 117.0.5938.149 (e3344ddefa1..., userDataDir: C:\Users\SARTHA~1\AppData\L...}, fedcm:accounts: true, goog:chromeOptions: {debuggerAddress: localhost:55253}, networkConnectionEnabled: false, pageLoadStrategy: normal, platformName: windows, proxy: Proxy(), se:cdp: ws://localhost:55253/devtoo..., se:cdpVersion: 117.0.5938.149, setWindowRect: true, strictFileInteractability: false, timeouts: {implicit: 0, pageLoad: 300000, script: 30000}, unhandledPromptBehavior: dismiss and notify, webauthn:extension:credBlob: true, webauthn:extension:largeBlob: true, webauthn:extension:minPinLength: true, webauthn:extension:prf: true, webauthn:virtualAuthenticators: true}
Session ID: a4f4a5ef70756aed1dda9288fb3b90df
at java.base/jdk.internal.reflect.NativeConstructorAccessorImpl.newInstance0(Native Method)
at java.base/jdk.internal.reflect.NativeConstructorAccessorImpl.newInstance(NativeConstructorAccessorImpl.java:77)
at java.base/jdk.internal.reflect.DelegatingConstructorAccessorImpl.newInstance(DelegatingConstructorAccessorImpl.java:45)
at java.base/java.lang.reflect.Constructor.newInstanceWithCaller(Constructor.java:499)
at java.base/java.lang.reflect.Constructor.newInstance(Constructor.java:480)
at org.openqa.selenium.remote.codec.w3c.W3CHttpResponseCodec.createException(W3CHttpResponseCodec.java:200)
at org.openqa.selenium.remote.codec.w3c.W3CHttpResponseCodec.decode(W3CHttpResponseCodec.java:133)
at org.openqa.selenium.remote.codec.w3c.W3CHttpResponseCodec.decode(W3CHttpResponseCodec.java:52)
at org.openqa.selenium.remote.HttpCommandExecutor.execute(HttpCommandExecutor.java:191)
at org.openqa.selenium.remote.service.DriverCommandExecutor.invokeExecute(DriverCommandExecutor.java:196)
at org.openqa.selenium.remote.service.DriverCommandExecutor.execute(DriverCommandExecutor.java:171)
at org.openqa.selenium.remote.RemoteWebDriver.execute(RemoteWebDriver.java:602)
at org.openqa.selenium.remote.RemoteWebDriver.execute(RemoteWebDriver.java:675)
at org.openqa.selenium.remote.RemoteWebDriver.execute(RemoteWebDriver.java:679)
at org.openqa.selenium.remote.RemoteWebDriver$RemoteWebDriverOptions$RemoteWindow.maximize(RemoteWebDriver.java:1062)
at data_provider.GTM_Registration.test1(GTM_Registration.java:18)
at java.base/jdk.internal.reflect.NativeMethodAccessorImpl.invoke0(Native Method)
at java.base/jdk.internal.reflect.NativeMethodAccessorImpl.invoke(NativeMethodAccessorImpl.java:77)
at java.base/jdk.internal.reflect.DelegatingMethodAccessorImpl.invoke(DelegatingMethodAccessorImpl.java:43)
at java.base/java.lang.reflect.Method.invoke(Method.java:568)
at org.testng.internal.invokers.MethodInvocationHelper.invokeMethod(MethodInvocationHelper.java:139)
at org.testng.internal.invokers.TestInvoker.invokeMethod(TestInvoker.java:664)
at org.testng.internal.invokers.TestInvoker.invokeTestMethod(TestInvoker.java:227)
at org.testng.internal.invokers.MethodRunner.runInSequence(MethodRunner.java:50)
at org.testng.internal.invokers.TestInvoker$MethodInvocationAgent.invoke(TestInvoker.java:957)
at org.testng.internal.invokers.TestInvoker.invokeTestMethods(TestInvoker.java:200)
at org.testng.internal.invokers.TestMethodWorker.invokeTestMethods(TestMethodWorker.java:148)
at org.testng.internal.invokers.TestMethodWorker.run(TestMethodWorker.java:128)
at java.base/java.util.ArrayList.forEach(ArrayList.java:1511)
at org.testng.TestRunner.privateRun(TestRunner.java:848)
at org.testng.TestRunner.run(TestRunner.java:621)
at org.testng.SuiteRunner.runTest(SuiteRunner.java:443)
at org.testng.SuiteRunner.runSequentially(SuiteRunner.java:437)
at org.testng.SuiteRunner.privateRun(SuiteRunner.java:397)
at org.testng.SuiteRunner.run(SuiteRunner.java:336)
at org.testng.SuiteRunnerWorker.runSuite(SuiteRunnerWorker.java:52)
at org.testng.SuiteRunnerWorker.run(SuiteRunnerWorker.java:95)
at org.testng.TestNG.runSuitesSequentially(TestNG.java:1280)
at org.testng.TestNG.runSuitesLocally(TestNG.java:1200)
at org.testng.TestNG.runSuites(TestNG.java:1114)
at org.testng.TestNG.run(TestNG.java:1082)
at org.testng.remote.AbstractRemoteTestNG.run(AbstractRemoteTestNG.java:115)
at org.testng.remote.RemoteTestNG.initAndRun(RemoteTestNG.java:251)
at org.testng.remote.RemoteTestNG.main(RemoteTestNG.java:77)
]]>
            </full-stacktrace>
          </exception> <!-- org.openqa.selenium.WebDriverException -->
          <reporter-output>
          </reporter-output>
        </test-method> <!-- test1 -->
        <test-method signature="test1(java.lang.String,java.lang.String,java.lang.String,java.lang.String,java.lang.String,java.lang.String,java.lang.String)[pri:0, instance:data_provider.GTM_Registration@397fbdb]" started-at="2023-10-11T00:38:19 IST" name="test1" data-provider="logindetails" finished-at="2023-10-11T00:38:39 IST" duration-ms="19885" status="PASS">
          <params>
            <param index="0">
              <value>
                <![CDATA[#R**R*((E(!124]]>
              </value>
            </param>
            <param index="1">
              <value>
                <![CDATA[]]>
              </value>
            </param>
            <param index="2">
              <value>
                <![CDATA[2555555]]>
              </value>
            </param>
            <param index="3">
              <value>
                <![CDATA[----]]>
              </value>
            </param>
            <param index="4">
              <value>
                <![CDATA[124455555555555555555555555555555555555555555555555555555555555555555555]]>
              </value>
            </param>
            <param index="5">
              <value>
                <![CDATA[lmgxmlxmglxmglm;gmxmgxmg;lgmmgl;ml;zmgl;m;m;n;lgw;nt5ent;ent;ekny5;knye]]>
              </value>
            </param>
            <param index="6">
              <value>
                <![CDATA[kkkkkkkkkkkkkkkkkkkkkk2222222222222222222kkkkkkkkkkkkkkk55555555555555kkkkkkkk@(((((&&#*(@]]>
              </value>
            </param>
          </params>
          <reporter-output>
          </reporter-output>
        </test-method> <!-- test1 -->
        <test-method signature="test1(java.lang.String,java.lang.String,java.lang.String,java.lang.String,java.lang.String,java.lang.String,java.lang.String)[pri:0, instance:data_provider.GTM_Registration@397fbdb]" started-at="2023-10-11T00:38:39 IST" name="test1" data-provider="logindetails" finished-at="2023-10-11T00:38:47 IST" duration-ms="7229" status="FAIL">
          <params>
            <param index="0">
              <value>
                <![CDATA[sssssssssssssssssssssssssssjkbjkbbbjjjbjkbjbbjbjbu;igosbfjsdjfbzdoifbsdl fjzfbzbfzf z]]>
              </value>
            </param>
            <param index="1">
              <value>
                <![CDATA[[skfojzfmzjfohgpn;gkhiwghwnt0934t6u340ntksngkshgi0hgtnwk;gtnw09gthpwgw]]>
              </value>
            </param>
            <param index="2">
              <value>
                <![CDATA[mfojojfopjfojzofusfjw4op;4nt.wtw5t4wt45554578454646464646#$R]]>
              </value>
            </param>
            <param index="3">
              <value>
                <![CDATA[+9+9++97897779eo-0ie0-ieejae.and,lhjoapfna;f ;anfa]]>
              </value>
            </param>
            <param index="4">
              <value>
                <![CDATA[9r48889303i]]>
              </value>
            </param>
            <param index="5">
              <value>
                <![CDATA[9r48889303i]]>
              </value>
            </param>
            <param index="6">
              <value>
                <![CDATA[mz;v;z;vnksgwk;ngiw4tht92004909090-090000000000000,kcm;lzmc;nsichioahfinaf afboafaflabfougbls falfba]]>
              </value>
            </param>
          </params>
          <exception class="org.openqa.selenium.WebDriverException">
            <message>
              <![CDATA[no such execution context
  (Session info: chrome=117.0.5938.149)
Build info: version: '4.12.1', revision: '8e34639b11'
System info: os.name: 'Windows 10', os.arch: 'amd64', os.version: '10.0', java.version: '17.0.7'
Driver info: org.openqa.selenium.chrome.ChromeDriver
Command: [25d2d9dd3810356fdc2f63197103f52d, maximizeCurrentWindow {}]
Capabilities {acceptInsecureCerts: false, browserName: chrome, browserVersion: 117.0.5938.149, chrome: {chromedriverVersion: 117.0.5938.149 (e3344ddefa1..., userDataDir: C:\Users\SARTHA~1\AppData\L...}, fedcm:accounts: true, goog:chromeOptions: {debuggerAddress: localhost:55321}, networkConnectionEnabled: false, pageLoadStrategy: normal, platformName: windows, proxy: Proxy(), se:cdp: ws://localhost:55321/devtoo..., se:cdpVersion: 117.0.5938.149, setWindowRect: true, strictFileInteractability: false, timeouts: {implicit: 0, pageLoad: 300000, script: 30000}, unhandledPromptBehavior: dismiss and notify, webauthn:extension:credBlob: true, webauthn:extension:largeBlob: true, webauthn:extension:minPinLength: true, webauthn:extension:prf: true, webauthn:virtualAuthenticators: true}
Session ID: 25d2d9dd3810356fdc2f63197103f52d]]>
            </message>
            <full-stacktrace>
              <![CDATA[org.openqa.selenium.WebDriverException: no such execution context
  (Session info: chrome=117.0.5938.149)
Build info: version: '4.12.1', revision: '8e34639b11'
System info: os.name: 'Windows 10', os.arch: 'amd64', os.version: '10.0', java.version: '17.0.7'
Driver info: org.openqa.selenium.chrome.ChromeDriver
Command: [25d2d9dd3810356fdc2f63197103f52d, maximizeCurrentWindow {}]
Capabilities {acceptInsecureCerts: false, browserName: chrome, browserVersion: 117.0.5938.149, chrome: {chromedriverVersion: 117.0.5938.149 (e3344ddefa1..., userDataDir: C:\Users\SARTHA~1\AppData\L...}, fedcm:accounts: true, goog:chromeOptions: {debuggerAddress: localhost:55321}, networkConnectionEnabled: false, pageLoadStrategy: normal, platformName: windows, proxy: Proxy(), se:cdp: ws://localhost:55321/devtoo..., se:cdpVersion: 117.0.5938.149, setWindowRect: true, strictFileInteractability: false, timeouts: {implicit: 0, pageLoad: 300000, script: 30000}, unhandledPromptBehavior: dismiss and notify, webauthn:extension:credBlob: true, webauthn:extension:largeBlob: true, webauthn:extension:minPinLength: true, webauthn:extension:prf: true, webauthn:virtualAuthenticators: true}
Session ID: 25d2d9dd3810356fdc2f63197103f52d
at java.base/jdk.internal.reflect.NativeConstructorAccessorImpl.newInstance0(Native Method)
at java.base/jdk.internal.reflect.NativeConstructorAccessorImpl.newInstance(NativeConstructorAccessorImpl.java:77)
at java.base/jdk.internal.reflect.DelegatingConstructorAccessorImpl.newInstance(DelegatingConstructorAccessorImpl.java:45)
at java.base/java.lang.reflect.Constructor.newInstanceWithCaller(Constructor.java:499)
at java.base/java.lang.reflect.Constructor.newInstance(Constructor.java:480)
at org.openqa.selenium.remote.codec.w3c.W3CHttpResponseCodec.createException(W3CHttpResponseCodec.java:200)
at org.openqa.selenium.remote.codec.w3c.W3CHttpResponseCodec.decode(W3CHttpResponseCodec.java:133)
at org.openqa.selenium.remote.codec.w3c.W3CHttpResponseCodec.decode(W3CHttpResponseCodec.java:52)
at org.openqa.selenium.remote.HttpCommandExecutor.execute(HttpCommandExecutor.java:191)
at org.openqa.selenium.remote.service.DriverCommandExecutor.invokeExecute(DriverCommandExecutor.java:196)
at org.openqa.selenium.remote.service.DriverCommandExecutor.execute(DriverCommandExecutor.java:171)
at org.openqa.selenium.remote.RemoteWebDriver.execute(RemoteWebDriver.java:602)
at org.openqa.selenium.remote.RemoteWebDriver.execute(RemoteWebDriver.java:675)
at org.openqa.selenium.remote.RemoteWebDriver.execute(RemoteWebDriver.java:679)
at org.openqa.selenium.remote.RemoteWebDriver$RemoteWebDriverOptions$RemoteWindow.maximize(RemoteWebDriver.java:1062)
at data_provider.GTM_Registration.test1(GTM_Registration.java:18)
at java.base/jdk.internal.reflect.NativeMethodAccessorImpl.invoke0(Native Method)
at java.base/jdk.internal.reflect.NativeMethodAccessorImpl.invoke(NativeMethodAccessorImpl.java:77)
at java.base/jdk.internal.reflect.DelegatingMethodAccessorImpl.invoke(DelegatingMethodAccessorImpl.java:43)
at java.base/java.lang.reflect.Method.invoke(Method.java:568)
at org.testng.internal.invokers.MethodInvocationHelper.invokeMethod(MethodInvocationHelper.java:139)
at org.testng.internal.invokers.TestInvoker.invokeMethod(TestInvoker.java:664)
at org.testng.internal.invokers.TestInvoker.invokeTestMethod(TestInvoker.java:227)
at org.testng.internal.invokers.MethodRunner.runInSequence(MethodRunner.java:50)
at org.testng.internal.invokers.TestInvoker$MethodInvocationAgent.invoke(TestInvoker.java:957)
at org.testng.internal.invokers.TestInvoker.invokeTestMethods(TestInvoker.java:200)
at org.testng.internal.invokers.TestMethodWorker.invokeTestMethods(TestMethodWorker.java:148)
at org.testng.internal.invokers.TestMethodWorker.run(TestMethodWorker.java:128)
at java.base/java.util.ArrayList.forEach(ArrayList.java:1511)
at org.testng.TestRunner.privateRun(TestRunner.java:848)
at org.testng.TestRunner.run(TestRunner.java:621)
at org.testng.SuiteRunner.runTest(SuiteRunner.java:443)
at org.testng.SuiteRunner.runSequentially(SuiteRunner.java:437)
at org.testng.SuiteRunner.privateRun(SuiteRunner.java:397)
at org.testng.SuiteRunner.run(SuiteRunner.java:336)
at org.testng.SuiteRunnerWorker.runSuite(SuiteRunnerWorker.java:52)
at org.testng.SuiteRunnerWorker.run(SuiteRunnerWorker.java:95)
at org.testng.TestNG.runSuitesSequentially(TestNG.java:1280)
at org.testng.TestNG.runSuitesLocally(TestNG.java:1200)
at org.testng.TestNG.runSuites(TestNG.java:1114)
at org.testng.TestNG.run(TestNG.java:1082)
at org.testng.remote.AbstractRemoteTestNG.run(AbstractRemoteTestNG.java:115)
at org.testng.remote.RemoteTestNG.initAndRun(RemoteTestNG.java:251)
at org.testng.remote.RemoteTestNG.main(RemoteTestNG.java:77)
]]>
            </full-stacktrace>
          </exception> <!-- org.openqa.selenium.WebDriverException -->
          <reporter-output>
          </reporter-output>
        </test-method> <!-- test1 -->
        <test-method signature="test1(java.lang.String,java.lang.String,java.lang.String,java.lang.String,java.lang.String,java.lang.String,java.lang.String)[pri:0, instance:data_provider.GTM_Registration@397fbdb]" started-at="2023-10-11T00:38:47 IST" name="test1" data-provider="logindetails" finished-at="2023-10-11T00:39:08 IST" duration-ms="20952" status="PASS">
          <params>
            <param index="0">
              <value>
                <![CDATA[123sarthak&======]]>
              </value>
            </param>
            <param index="1">
              <value>
                <![CDATA[]]>
              </value>
            </param>
            <param index="2">
              <value>
                <![CDATA[)(R*()(*(R)(*()(E)(]]>
              </value>
            </param>
            <param index="3">
              <value>
                <![CDATA[5555JBGJBJGB///lkdjmmd;00000]]>
              </value>
            </param>
            <param index="4">
              <value>
                <![CDATA[;;N;nnvvvvvvvvvvvvvvvvvvvvvvxnlvhgosbglnsbouxfbnlxb nxboixnz/ckd;zjdmzf zvnk   nnz;v/  vz  mn;j; vz. vlz v  zvv z.v zvz vzklvnzkvnzkv]]>
              </value>
            </param>
            <param index="5">
              <value>
                <![CDATA[m;zmv;zv]]>
              </value>
            </param>
            <param index="6">
              <value>
                <![CDATA[Satha   kda s1 25 5  ';ak;fk'   ]]>
              </value>
            </param>
          </params>
          <reporter-output>
          </reporter-output>
        </test-method> <!-- test1 -->
        <test-method signature="test1(java.lang.String,java.lang.String,java.lang.String,java.lang.String,java.lang.String,java.lang.String,java.lang.String)[pri:0, instance:data_provider.GTM_Registration@397fbdb]" started-at="2023-10-11T00:39:08 IST" name="test1" data-provider="logindetails" finished-at="2023-10-11T00:39:40 IST" duration-ms="32890" status="PASS">
          <params>
            <param index="0">
              <value>
                <![CDATA[]]>
              </value>
            </param>
            <param index="1">
              <value>
                <![CDATA[Sathakdas]]>
              </value>
            </param>
            <param index="2">
              <value>
                <![CDATA[@#$R]]>
              </value>
            </param>
            <param index="3">
              <value>
                <![CDATA[]]>
              </value>
            </param>
            <param index="4">
              <value>
                <![CDATA[@#$$#]]>
              </value>
            </param>
            <param index="5">
              <value>
                <![CDATA[____]]>
              </value>
            </param>
            <param index="6">
              <value>
                <![CDATA[@#GA$]]>
              </value>
            </param>
          </params>
          <reporter-output>
          </reporter-output>
        </test-method> <!-- test1 -->
        <test-method signature="test1(java.lang.String,java.lang.String,java.lang.String,java.lang.String,java.lang.String,java.lang.String,java.lang.String)[pri:0, instance:data_provider.GTM_Registration@397fbdb]" started-at="2023-10-11T00:39:40 IST" name="test1" data-provider="logindetails" finished-at="2023-10-11T00:40:48 IST" duration-ms="67589" status="PASS">
          <params>
            <param index="0">
              <value>
                <![CDATA[7875544]]>
              </value>
            </param>
            <param index="1">
              <value>
                <![CDATA[1]]>
              </value>
            </param>
            <param index="2">
              <value>
                <![CDATA[@dgg]]>
              </value>
            </param>
            <param index="3">
              <value>
                <![CDATA[@$RRR]]>
              </value>
            </param>
            <param index="4">
              <value>
                <![CDATA[25225]]>
              </value>
            </param>
            <param index="5">
              <value>
                <![CDATA[@HDBFJSKJ]]>
              </value>
            </param>
            <param index="6">
              <value>
                <![CDATA[Sathakdas1255]]>
              </value>
            </param>
          </params>
          <reporter-output>
          </reporter-output>
        </test-method> <!-- test1 -->
      </class> <!-- data_provider.GTM_Registration -->
    </test> <!-- Default test -->
  </suite> <!-- Default suite -->
</testng-results>
