<?xml version="1.0" encoding="UTF-8"?>
<!-- Generated by org.testng.reporters.JUnitReportReporter -->
<testsuite hostname="DESKTOP-FBC9JGO" failures="0" tests="1" name="TestNG_Parameter.Timeout_Class" time="31.142" errors="1" timestamp="2023-10-04T18:17:29 IST" skipped="0">
  <testcase classname="TestNG_Parameter.Timeout_Class" name="testcase1" time="31.142">
    <error message="Method TestNG_Parameter.Timeout_Class.testcase1() didn&#039;t finish within the time-out 1000" type="org.testng.internal.thread.ThreadTimeoutException">
      <![CDATA[org.testng.internal.thread.ThreadTimeoutException: Method TestNG_Parameter.Timeout_Class.testcase1() didn't finish within the time-out 1000
at java.base@17.0.7/jdk.internal.misc.Unsafe.park(Native Method)
at java.base@17.0.7/java.util.concurrent.locks.LockSupport.parkNanos(LockSupport.java:252)
at java.base@17.0.7/java.util.concurrent.CompletableFuture$Signaller.block(CompletableFuture.java:1866)
at java.base@17.0.7/java.util.concurrent.ForkJoinPool.unmanagedBlock(ForkJoinPool.java:3463)
at java.base@17.0.7/java.util.concurrent.ForkJoinPool.managedBlock(ForkJoinPool.java:3434)
at java.base@17.0.7/java.util.concurrent.CompletableFuture.timedGet(CompletableFuture.java:1939)
at java.base@17.0.7/java.util.concurrent.CompletableFuture.get(CompletableFuture.java:2095)
at app//org.asynchttpclient.netty.NettyResponseFuture.get(NettyResponseFuture.java:206)
at app//org.openqa.selenium.remote.http.netty.NettyHttpHandler.makeCall(NettyHttpHandler.java:59)
at app//org.openqa.selenium.remote.http.netty.NettyHttpHandler$$Lambda$296/0x000000080121da40.execute(Unknown Source)
at app//org.openqa.selenium.remote.http.AddSeleniumUserAgent.lambda$apply$0(AddSeleniumUserAgent.java:42)
at app//org.openqa.selenium.remote.http.AddSeleniumUserAgent$$Lambda$399/0x000000080124e6b8.execute(Unknown Source)
at app//org.openqa.selenium.remote.http.Filter.lambda$andFinally$1(Filter.java:55)
at app//org.openqa.selenium.remote.http.Filter$$Lambda$297/0x000000080121dc78.execute(Unknown Source)
at app//org.openqa.selenium.remote.http.netty.NettyHttpHandler.execute(NettyHttpHandler.java:48)
at app//org.openqa.selenium.remote.http.netty.NettyClient.execute(NettyClient.java:96)
at app//org.openqa.selenium.remote.HttpCommandExecutor.execute(HttpCommandExecutor.java:188)
at app//org.openqa.selenium.remote.service.DriverCommandExecutor.invokeExecute(DriverCommandExecutor.java:196)
at app//org.openqa.selenium.remote.service.DriverCommandExecutor.execute(DriverCommandExecutor.java:171)
at app//org.openqa.selenium.remote.RemoteWebDriver.execute(RemoteWebDriver.java:602)
at app//org.openqa.selenium.remote.RemoteWebElement.execute(RemoteWebElement.java:224)
at app//org.openqa.selenium.remote.RemoteWebElement.sendKeys(RemoteWebElement.java:111)
at app//TestNG_Parameter.Timeout_Class.testcase1(Timeout_Class.java:26)
at java.base@17.0.7/jdk.internal.reflect.NativeMethodAccessorImpl.invoke0(Native Method)
at java.base@17.0.7/jdk.internal.reflect.NativeMethodAccessorImpl.invoke(NativeMethodAccessorImpl.java:77)
at java.base@17.0.7/jdk.internal.reflect.DelegatingMethodAccessorImpl.invoke(DelegatingMethodAccessorImpl.java:43)
at java.base@17.0.7/java.lang.reflect.Method.invoke(Method.java:568)
at app//org.testng.internal.invokers.MethodInvocationHelper.invokeMethod(MethodInvocationHelper.java:139)
at app//org.testng.internal.invokers.InvokeMethodRunnable.runOne(InvokeMethodRunnable.java:47)
at app//org.testng.internal.invokers.InvokeMethodRunnable.call(InvokeMethodRunnable.java:76)
at app//org.testng.internal.invokers.InvokeMethodRunnable.call(InvokeMethodRunnable.java:11)
at java.base@17.0.7/java.util.concurrent.FutureTask.run(FutureTask.java:264)
at java.base@17.0.7/java.util.concurrent.ThreadPoolExecutor.runWorker(ThreadPoolExecutor.java:1136)
at java.base@17.0.7/java.util.concurrent.ThreadPoolExecutor$Worker.run(ThreadPoolExecutor.java:635)
at java.base@17.0.7/java.lang.Thread.run(Thread.java:833)
]]>
    </error>
  </testcase> <!-- testcase1 -->
</testsuite> <!-- TestNG_Parameter.Timeout_Class -->
